<?xml version="1.0" encoding="UTF-8"?>
<testsuite name="com.example.gestion._Proyecto.GestionProyectoApplicationTests" tests="1" skipped="0" failures="0" errors="0" timestamp="2023-09-22T00:29:43" hostname="CAMILO" time="0.641">
  <properties/>
  <testcase name="contextLoads()" classname="com.example.gestion._Proyecto.GestionProyectoApplicationTests" time="0.641"/>
  <system-out><![CDATA[19:29:37.830 [Test worker] INFO org.springframework.test.context.support.AnnotationConfigContextLoaderUtils -- Could not detect default configuration classes for test class [com.example.gestion._Proyecto.GestionProyectoApplicationTests]: GestionProyectoApplicationTests does not declare any static, non-private, non-final, nested classes annotated with @Configuration.
19:29:37.931 [Test worker] INFO org.springframework.boot.test.context.SpringBootTestContextBootstrapper -- Found @SpringBootConfiguration com.example.gestion._Proyecto.GestionProyectoApplication for test class com.example.gestion._Proyecto.GestionProyectoApplicationTests

  .   ____          _            __ _ _
 /\\ / ___'_ __ _ _(_)_ __  __ _ \ \ \ \
( ( )\___ | '_ | '_| | '_ \/ _` | \ \ \ \
 \\/  ___)| |_)| | | | | || (_| |  ) ) ) )
  '  |____| .__|_| |_|_| |_\__, | / / / /
 =========|_|==============|___/=/_/_/_/
 :: Spring Boot ::                (v3.1.3)

2023-09-21T19:29:38.391-05:00  INFO 12140 --- [    Test worker] c.e.g._.GestionProyectoApplicationTests  : Starting GestionProyectoApplicationTests using Java 17.0.8 with PID 12140 (started by camil in D:\colaborativo\GestionProyectos\frontend\gestion_Proyecto_back)
2023-09-21T19:29:38.393-05:00  INFO 12140 --- [    Test worker] c.e.g._.GestionProyectoApplicationTests  : No active profile set, falling back to 1 default profile: "default"
2023-09-21T19:29:39.098-05:00  INFO 12140 --- [    Test worker] .s.d.r.c.RepositoryConfigurationDelegate : Bootstrapping Spring Data JPA repositories in DEFAULT mode.
2023-09-21T19:29:39.131-05:00  INFO 12140 --- [    Test worker] .s.d.r.c.RepositoryConfigurationDelegate : Finished Spring Data repository scanning in 18 ms. Found 0 JPA repository interfaces.
2023-09-21T19:29:39.572-05:00  INFO 12140 --- [    Test worker] com.zaxxer.hikari.HikariDataSource       : HikariPool-1 - Starting...
2023-09-21T19:29:42.007-05:00  INFO 12140 --- [    Test worker] com.zaxxer.hikari.pool.HikariPool        : HikariPool-1 - Added connection com.mysql.cj.jdbc.ConnectionImpl@7742a45c
2023-09-21T19:29:42.009-05:00  INFO 12140 --- [    Test worker] com.zaxxer.hikari.HikariDataSource       : HikariPool-1 - Start completed.
2023-09-21T19:29:42.061-05:00  INFO 12140 --- [    Test worker] o.hibernate.jpa.internal.util.LogHelper  : HHH000204: Processing PersistenceUnitInfo [name: default]
2023-09-21T19:29:42.129-05:00  INFO 12140 --- [    Test worker] org.hibernate.Version                    : HHH000412: Hibernate ORM core version 6.2.7.Final
2023-09-21T19:29:42.131-05:00  INFO 12140 --- [    Test worker] org.hibernate.cfg.Environment            : HHH000406: Using bytecode reflection optimizer
2023-09-21T19:29:42.281-05:00  INFO 12140 --- [    Test worker] o.h.b.i.BytecodeProviderInitiator        : HHH000021: Bytecode provider name : bytebuddy
2023-09-21T19:29:42.418-05:00  INFO 12140 --- [    Test worker] o.s.o.j.p.SpringPersistenceUnitInfo      : No LoadTimeWeaver setup: ignoring JPA class transformer
2023-09-21T19:29:42.661-05:00  WARN 12140 --- [    Test worker] org.hibernate.orm.deprecation            : HHH90000026: MySQL8Dialect has been deprecated; use org.hibernate.dialect.MySQLDialect instead
2023-09-21T19:29:42.763-05:00  INFO 12140 --- [    Test worker] o.h.b.i.BytecodeProviderInitiator        : HHH000021: Bytecode provider name : bytebuddy
2023-09-21T19:29:43.006-05:00  INFO 12140 --- [    Test worker] o.h.e.t.j.p.i.JtaPlatformInitiator       : HHH000490: Using JtaPlatform implementation: [org.hibernate.engine.transaction.jta.platform.internal.NoJtaPlatform]
2023-09-21T19:29:43.013-05:00  INFO 12140 --- [    Test worker] j.LocalContainerEntityManagerFactoryBean : Initialized JPA EntityManagerFactory for persistence unit 'default'
2023-09-21T19:29:43.179-05:00  WARN 12140 --- [    Test worker] JpaBaseConfiguration$JpaWebConfiguration : spring.jpa.open-in-view is enabled by default. Therefore, database queries may be performed during view rendering. Explicitly configure spring.jpa.open-in-view to disable this warning
2023-09-21T19:29:43.636-05:00  INFO 12140 --- [    Test worker] c.e.g._.GestionProyectoApplicationTests  : Started GestionProyectoApplicationTests in 5.496 seconds (process running for 6.758)
]]></system-out>
  <system-err><![CDATA[]]></system-err>
</testsuite>
